<?xml version="1.0" encoding="UTF-8"?>
<!-- Generated by org.testng.reporters.JUnitReportReporter -->
<testsuite hostname="KUBNEEZ" failures="0" tests="1" name="cucumber.TestNgCucumberRunner" time="0.085" errors="1" timestamp="2024-01-17T17:52:54 IST" skipped="0">
  <testcase classname="cucumber.TestNgCucumberRunner" name="runScenario" time="0.085">
    <error message="Cannot invoke &quot;org.openqa.selenium.WebDriver.manage()&quot; because &quot;this.driver&quot; is null" type="java.lang.NullPointerException">
      <![CDATA[java.lang.NullPointerException: Cannot invoke "org.openqa.selenium.WebDriver.manage()" because "this.driver" is null
at rahulshettyacademy.testComponent.BaseTest.Initializer(BaseTest.java:60)
at rahulshettyacademy.testComponent.BaseTest.Launch(BaseTest.java:87)
at rahulshettyacademy.StepDefination.StepDefinationImpl.I_landed_on_Ecommerce_Page(StepDefinationImpl.java:28)
at ✽.I landed on Ecommerce Page(file:///C:/Users/kanee/eclipse-workspaceSeleniumtests/SeleniumFrameWork/src/test/java/cucumber/ErrorValidation.feature:9)
]]>
    </error>
  </testcase> <!-- runScenario -->
  <system-out/>
</testsuite> <!-- cucumber.TestNgCucumberRunner -->
