<?xml version="1.0" encoding="UTF-8"?>
<testng-results ignored="0" total="1" passed="1" failed="0" skipped="0">
  <reporter-output>
  </reporter-output>
  <suite started-at="2024-01-25T01:19:14 IST" name="Default suite" finished-at="2024-01-25T01:19:19 IST" duration-ms="5536">
    <groups>
    </groups>
    <test started-at="2024-01-25T01:19:14 IST" name="Default test" finished-at="2024-01-25T01:19:19 IST" duration-ms="5536">
      <class name="RSATest">
        <test-method signature="HomePage()[pri:0, instance:RSATest@53976f5c]" started-at="2024-01-25T01:19:14 IST" name="HomePage" finished-at="2024-01-25T01:19:19 IST" duration-ms="5462" status="PASS">
          <reporter-output>
          </reporter-output>
        </test-method> <!-- HomePage -->
      </class> <!-- RSATest -->
    </test> <!-- Default test -->
  </suite> <!-- Default suite -->
</testng-results>
