<?xml version="1.0" encoding="UTF-8"?>
<!-- Generated by org.testng.reporters.JUnitXMLReporter -->
<testsuite ignored="0" hostname="KUBNEEZ" failures="1" tests="1" name="Surefire test" time="0.667" errors="0" timestamp="2024-01-17T17:52:54 IST">
  <testcase classname="io.cucumber.testng.AbstractTestNGCucumberTests" name="runScenario" time="0.085">
    <failure type="java.lang.NullPointerException" message="Cannot invoke &amp;quot;org.openqa.selenium.WebDriver.manage()&amp;quot; because &amp;quot;this.driver&amp;quot; is null">
      <![CDATA[java.lang.NullPointerException: Cannot invoke "org.openqa.selenium.WebDriver.manage()" because "this.driver" is null
at rahulshettyacademy.testComponent.BaseTest.Initializer(BaseTest.java:60)
at rahulshettyacademy.testComponent.BaseTest.Launch(BaseTest.java:87)
at rahulshettyacademy.StepDefination.StepDefinationImpl.I_landed_on_Ecommerce_Page(StepDefinationImpl.java:28)
at ✽.I landed on Ecommerce Page(file:///C:/Users/kanee/eclipse-workspaceSeleniumtests/SeleniumFrameWork/src/test/java/cucumber/ErrorValidation.feature:9)
]]>
    </failure>
  </testcase> <!-- runScenario -->
</testsuite> <!-- Surefire test -->
