<?xml version="1.0" encoding="UTF-8"?>
<!-- Generated by org.testng.reporters.JUnitXMLReporter -->
<testsuite ignored="0" hostname="KUBNEEZ" failures="1" tests="1" name=" ErrorValdidation 1 Test" time="40.383" errors="0" timestamp="2024-01-12T17:08:10 IST">
  <testcase classname="rahulshettyacademy.test.ErrorValidation" name="loggingError" time="2.844">
    <failure type="java.lang.AssertionError" message="expected [Incorrect email or password.] but found [Incorrect email or  password.]">
      <![CDATA[java.lang.AssertionError: expected [Incorrect email or password.] but found [Incorrect email or  password.]
at rahulshettyacademy.test.ErrorValidation.loggingError(ErrorValidation.java:35)
at java.base/java.util.ArrayList.forEach(ArrayList.java:1511)
at java.base/java.util.concurrent.FutureTask.run(FutureTask.java:264)
at java.base/java.util.concurrent.ThreadPoolExecutor.runWorker(ThreadPoolExecutor.java:1136)
at java.base/java.util.concurrent.ThreadPoolExecutor$Worker.run(ThreadPoolExecutor.java:635)
at java.base/java.lang.Thread.run(Thread.java:840)
... Removed 23 stack frames]]>
    </failure>
  </testcase> <!-- loggingError -->
</testsuite> <!--  ErrorValdidation 1 Test -->
