<?xml version="1.0" encoding="UTF-8"?>
<!-- Generated by org.testng.reporters.JUnitXMLReporter -->
<testsuite ignored="1" hostname="KUBNEEZ" failures="1" tests="1" name=" ErrorValdidation Test" time="3.987" errors="0" timestamp="2024-01-11T17:29:21 IST">
  <testcase classname="rahulshettyacademy.test.ErrorValidation" name="loggingError" time="0.457">
    <failure type="java.lang.AssertionError" message="expected [Incorrect email or password.] but found [Incorrect email  password.]">
      <![CDATA[java.lang.AssertionError: expected [Incorrect email or password.] but found [Incorrect email  password.]
at rahulshettyacademy.test.ErrorValidation.loggingError(ErrorValidation.java:35)
at java.base/java.util.ArrayList.forEach(ArrayList.java:1511)
at java.base/java.util.concurrent.FutureTask.run(FutureTask.java:264)
at java.base/java.util.concurrent.ThreadPoolExecutor.runWorker(ThreadPoolExecutor.java:1136)
at java.base/java.util.concurrent.ThreadPoolExecutor$Worker.run(ThreadPoolExecutor.java:635)
at java.base/java.lang.Thread.run(Thread.java:840)
... Removed 23 stack frames]]>
    </failure>
  </testcase> <!-- loggingError -->
  <testcase classname="rahulshettyacademy.test.ErrorValidation" name="submit" time="0.0">
    <ignored/>
  </testcase> <!-- submit -->
</testsuite> <!--  ErrorValdidation Test -->
