<?xml version="1.0" encoding="UTF-8"?>
<!-- Generated by org.testng.reporters.JUnitXMLReporter -->
<testsuite ignored="0" hostname="KUBNEEZ" failures="1" tests="4" name="Report Test" time="38.131" errors="0" timestamp="2024-01-12T17:35:10 IST">
  <testcase classname="rahulshettyacademy.test.SubmitErrorReport" name="loggingError" time="1.082">
    <skipped/>
  </testcase> <!-- loggingError -->
  <testcase classname="rahulshettyacademy.test.SubmitErrorReport" name="loggingError" time="0.79">
    <failure type="java.lang.AssertionError" message="expected [Incorrect email or password.] but found [Incorrect email  password.]">
      <![CDATA[java.lang.AssertionError: expected [Incorrect email or password.] but found [Incorrect email  password.]
at rahulshettyacademy.test.SubmitErrorReport.loggingError(SubmitErrorReport.java:44)
at java.base/java.util.ArrayList.forEach(ArrayList.java:1511)
at java.base/java.util.concurrent.FutureTask.run(FutureTask.java:264)
at java.base/java.util.concurrent.ThreadPoolExecutor.runWorker(ThreadPoolExecutor.java:1136)
at java.base/java.util.concurrent.ThreadPoolExecutor$Worker.run(ThreadPoolExecutor.java:635)
at java.base/java.lang.Thread.run(Thread.java:840)
... Removed 23 stack frames]]>
    </failure>
  </testcase> <!-- loggingError -->
  <testcase classname="rahulshettyacademy.test.SubmitErrorReport" name="submit" time="10.386"/>
  <testcase classname="rahulshettyacademy.test.SubmitErrorReport" name="SubmitPage" time="9.452"/>
</testsuite> <!-- Report Test -->
