<?xml version="1.0" encoding="UTF-8"?>
<!-- Generated by org.testng.reporters.JUnitXMLReporter -->
<testsuite ignored="0" hostname="KUBNEEZ" failures="1" tests="3" name="Submit error Test" time="19.887" errors="0" timestamp="2024-01-12T17:17:55 IST">
  <testcase classname="rahulshettyacademy.test.SubmitErrorReport" name="loggingError" time="0.46">
    <failure type="java.lang.AssertionError" message="expected [Incorrect email or password.] but found [Incorrect email  password.]">
      <![CDATA[java.lang.AssertionError: expected [Incorrect email or password.] but found [Incorrect email  password.]
at rahulshettyacademy.test.SubmitErrorReport.loggingError(SubmitErrorReport.java:43)
at java.base/java.util.ArrayList.forEach(ArrayList.java:1511)
... Removed 33 stack frames]]>
    </failure>
  </testcase> <!-- loggingError -->
  <testcase classname="rahulshettyacademy.test.SubmitErrorReport" name="submit" time="9.676"/>
  <testcase classname="rahulshettyacademy.test.SubmitErrorReport" name="SubmitPage" time="2.276"/>
</testsuite> <!-- Submit error Test -->
