<?xml version="1.0" encoding="UTF-8"?>
<!-- Generated by org.testng.reporters.JUnitXMLReporter -->
<testsuite ignored="0" hostname="KUBNEEZ" failures="1" tests="3" name="Test" time="29.609" errors="0" timestamp="2024-01-12T17:12:30 IST">
  <testcase classname="rahulshettyacademy.test.SubmitErrorReport" name="loggingError" time="0.467">
    <failure type="java.lang.AssertionError" message="expected [Incorrect email or password.] but found [Incorrect email  password.]">
      <![CDATA[java.lang.AssertionError: expected [Incorrect email or password.] but found [Incorrect email  password.]
at rahulshettyacademy.test.SubmitErrorReport.loggingError(SubmitErrorReport.java:43)
at java.base/java.util.ArrayList.forEach(ArrayList.java:1511)
at java.base/java.util.concurrent.FutureTask.run(FutureTask.java:264)
at java.base/java.util.concurrent.ThreadPoolExecutor.runWorker(ThreadPoolExecutor.java:1136)
at java.base/java.util.concurrent.ThreadPoolExecutor$Worker.run(ThreadPoolExecutor.java:635)
at java.base/java.lang.Thread.run(Thread.java:840)
... Removed 23 stack frames]]>
    </failure>
  </testcase> <!-- loggingError -->
  <testcase classname="rahulshettyacademy.test.SubmitErrorReport" name="submit" time="9.921"/>
  <testcase classname="rahulshettyacademy.test.SubmitErrorReport" name="SubmitPage" time="8.75"/>
</testsuite> <!-- Test -->
