<?xml version="1.0" encoding="UTF-8"?>
<!-- Generated by org.testng.reporters.JUnitXMLReporter -->
<testsuite ignored="0" hostname="KUBNEEZ" failures="0" tests="2" name="Error Validation Test" time="14.424" errors="0" timestamp="2024-01-07T12:36:15 IST">
  <testcase classname="rahulshettyacademy.test.ErrrorValidationTest" name="Error" time="0.418"/>
  <testcase classname="rahulshettyacademy.test.ErrrorValidationTest" name="productErrorVal" time="8.753"/>
</testsuite> <!-- Error Validation Test -->
