<?xml version="1.0" encoding="UTF-8"?>
<!-- Generated by org.testng.reporters.JUnitXMLReporter -->
<testsuite ignored="2" hostname="KUBNEEZ" failures="0" tests="0" time="0.02" errors="0" timestamp="2024-01-07T12:36:00 IST">
  <testcase classname="rahulshettyacademy.test.Submitorder" name="submitorder" time="0.0">
    <ignored/>
  </testcase> <!-- submitorder -->
  <testcase classname="rahulshettyacademy.test.Submitorder" name="OrderHistory" time="0.0">
    <ignored/>
  </testcase> <!-- OrderHistory -->
</testsuite>
