<?xml version="1.0" encoding="UTF-8"?>
<testng-results ignored="0" total="1" passed="1" failed="0" skipped="0">
  <reporter-output>
  </reporter-output>
  <suite started-at="2024-01-25T01:59:25 IST" name="Default suite" finished-at="2024-01-25T01:59:28 IST" duration-ms="3428">
    <groups>
    </groups>
    <test started-at="2024-01-25T01:59:25 IST" name="Default test" finished-at="2024-01-25T01:59:28 IST" duration-ms="3428">
      <class name="RTS">
        <test-method signature="Page()[pri:0, instance:RTS@4d02f94e]" started-at="2024-01-25T01:59:25 IST" name="Page" finished-at="2024-01-25T01:59:28 IST" duration-ms="3395" status="PASS">
          <reporter-output>
          </reporter-output>
        </test-method> <!-- Page -->
      </class> <!-- RTS -->
    </test> <!-- Default test -->
  </suite> <!-- Default suite -->
</testng-results>
