<?xml version="1.0" encoding="UTF-8"?>
<!-- Generated by org.testng.reporters.JUnitXMLReporter -->
<testsuite ignored="0" hostname="KUBNEEZ" failures="0" tests="2" name="Hash 2 Test" time="0.305" errors="0" timestamp="2024-01-26T01:19:58 IST">
  <testcase classname="rahulshettyacademy.test.Hash" name="submit" time="0.0">
    <skipped/>
  </testcase> <!-- submit -->
  <testcase classname="rahulshettyacademy.test.Hash" name="submit" time="0.0">
    <skipped/>
  </testcase> <!-- submit -->
</testsuite> <!-- Hash 2 Test -->
