<?xml version="1.0" encoding="UTF-8"?>
<!-- Generated by org.testng.reporters.JUnitXMLReporter -->
<testsuite ignored="0" hostname="KUBNEEZ" failures="0" tests="3" name="Submit  3 error Test" time="0.116" errors="0" timestamp="2024-01-26T01:19:57 IST">
  <testcase classname="rahulshettyacademy.testComponent.BaseTest" name="@BeforeMethod Launch" time="0.03">
    <failure type="java.lang.NullPointerException" message="Cannot invoke &amp;quot;org.openqa.selenium.WebDriver.manage()&amp;quot; because &amp;quot;this.driver&amp;quot; is null">
      <![CDATA[java.lang.NullPointerException: Cannot invoke "org.openqa.selenium.WebDriver.manage()" because "this.driver" is null
at rahulshettyacademy.testComponent.BaseTest.Initializer(BaseTest.java:60)
at rahulshettyacademy.testComponent.BaseTest.Launch(BaseTest.java:87)
at java.base/java.util.ArrayList.forEach(ArrayList.java:1511)
... Removed 35 stack frames]]>
    </failure>
  </testcase> <!-- @BeforeMethod Launch -->
  <testcase classname="rahulshettyacademy.testComponent.BaseTest" name="@AfterMethod tearDown" time="0.0">
    <failure type="java.lang.NullPointerException" message="Cannot invoke &amp;quot;org.openqa.selenium.WebDriver.close()&amp;quot; because &amp;quot;this.driver&amp;quot; is null">
      <![CDATA[java.lang.NullPointerException: Cannot invoke "org.openqa.selenium.WebDriver.close()" because "this.driver" is null
at rahulshettyacademy.testComponent.BaseTest.tearDown(BaseTest.java:95)
at java.base/java.util.ArrayList.forEach(ArrayList.java:1511)
... Removed 36 stack frames]]>
    </failure>
  </testcase> <!-- @AfterMethod tearDown -->
  <testcase classname="rahulshettyacademy.testComponent.BaseTest" name="@BeforeMethod Launch" time="0.0">
    <failure type="java.lang.NullPointerException" message="Cannot invoke &amp;quot;org.openqa.selenium.WebDriver.manage()&amp;quot; because &amp;quot;this.driver&amp;quot; is null">
      <![CDATA[java.lang.NullPointerException: Cannot invoke "org.openqa.selenium.WebDriver.manage()" because "this.driver" is null
at rahulshettyacademy.testComponent.BaseTest.Initializer(BaseTest.java:60)
at rahulshettyacademy.testComponent.BaseTest.Launch(BaseTest.java:87)
at java.base/java.util.ArrayList.forEach(ArrayList.java:1511)
... Removed 35 stack frames]]>
    </failure>
  </testcase> <!-- @BeforeMethod Launch -->
  <testcase classname="rahulshettyacademy.testComponent.BaseTest" name="@AfterMethod tearDown" time="0.001">
    <failure type="java.lang.NullPointerException" message="Cannot invoke &amp;quot;org.openqa.selenium.WebDriver.close()&amp;quot; because &amp;quot;this.driver&amp;quot; is null">
      <![CDATA[java.lang.NullPointerException: Cannot invoke "org.openqa.selenium.WebDriver.close()" because "this.driver" is null
at rahulshettyacademy.testComponent.BaseTest.tearDown(BaseTest.java:95)
at java.base/java.util.ArrayList.forEach(ArrayList.java:1511)
... Removed 36 stack frames]]>
    </failure>
  </testcase> <!-- @AfterMethod tearDown -->
  <testcase classname="rahulshettyacademy.test.SubmitErrorReport" name="loggingError" time="0.0">
    <skipped/>
  </testcase> <!-- loggingError -->
  <testcase classname="rahulshettyacademy.test.SubmitErrorReport" name="submit" time="0.0">
    <skipped/>
  </testcase> <!-- submit -->
  <testcase classname="rahulshettyacademy.test.SubmitErrorReport" name="SubmitPage" time="0.0">
    <skipped/>
  </testcase> <!-- SubmitPage -->
</testsuite> <!-- Submit  3 error Test -->
