<?xml version="1.0" encoding="UTF-8"?>
<testng-results ignored="0" total="1" passed="1" failed="0" skipped="0">
  <reporter-output>
  </reporter-output>
  <suite started-at="2024-01-09T18:52:13 IST" name="Default suite" finished-at="2024-01-09T18:52:18 IST" duration-ms="5055">
    <groups>
    </groups>
    <test started-at="2024-01-09T18:52:13 IST" name="Default test" finished-at="2024-01-09T18:52:18 IST" duration-ms="5055">
      <class name="rahulshettyacademy.extentReport.ExtentReportDemo">
        <test-method is-config="true" signature="confi()[pri:0, instance:rahulshettyacademy.extentReport.ExtentReportDemo@a1217f9]" started-at="2024-01-09T18:52:13 IST" name="confi" finished-at="2024-01-09T18:52:13 IST" duration-ms="194" status="PASS">
          <reporter-output>
          </reporter-output>
        </test-method> <!-- confi -->
        <test-method signature="initialDemo()[pri:0, instance:rahulshettyacademy.extentReport.ExtentReportDemo@a1217f9]" started-at="2024-01-09T18:52:13 IST" name="initialDemo" finished-at="2024-01-09T18:52:18 IST" duration-ms="4831" status="PASS">
          <reporter-output>
          </reporter-output>
        </test-method> <!-- initialDemo -->
      </class> <!-- rahulshettyacademy.extentReport.ExtentReportDemo -->
    </test> <!-- Default test -->
  </suite> <!-- Default suite -->
</testng-results>
