<?xml version="1.0" encoding="UTF-8"?>
<testng-results ignored="0" total="3" passed="3" failed="0" skipped="0">
  <reporter-output>
  </reporter-output>
  <suite started-at="2024-01-25T00:54:13 IST" name="Default suite" finished-at="2024-01-25T00:54:14 IST" duration-ms="1015">
    <groups>
    </groups>
    <test started-at="2024-01-25T00:54:13 IST" name="Default test" finished-at="2024-01-25T00:54:14 IST" duration-ms="1015">
      <class name="ExeclDataDriven">
        <test-method signature="testCaseData(java.lang.String,java.lang.String,java.lang.String)[pri:0, instance:ExeclDataDriven@72cc7e6f]" started-at="2024-01-25T00:54:14 IST" name="testCaseData" data-provider="driverTest" finished-at="2024-01-25T00:54:14 IST" duration-ms="7" status="PASS">
          <params>
            <param index="0">
              <value>
                <![CDATA[hello]]>
              </value>
            </param>
            <param index="1">
              <value>
                <![CDATA[text]]>
              </value>
            </param>
            <param index="2">
              <value>
                <![CDATA[1]]>
              </value>
            </param>
          </params>
          <reporter-output>
          </reporter-output>
        </test-method> <!-- testCaseData -->
        <test-method signature="testCaseData(java.lang.String,java.lang.String,java.lang.String)[pri:0, instance:ExeclDataDriven@72cc7e6f]" started-at="2024-01-25T00:54:14 IST" name="testCaseData" data-provider="driverTest" finished-at="2024-01-25T00:54:14 IST" duration-ms="1" status="PASS">
          <params>
            <param index="0">
              <value>
                <![CDATA[bye]]>
              </value>
            </param>
            <param index="1">
              <value>
                <![CDATA[message]]>
              </value>
            </param>
            <param index="2">
              <value>
                <![CDATA[143]]>
              </value>
            </param>
          </params>
          <reporter-output>
          </reporter-output>
        </test-method> <!-- testCaseData -->
        <test-method signature="testCaseData(java.lang.String,java.lang.String,java.lang.String)[pri:0, instance:ExeclDataDriven@72cc7e6f]" started-at="2024-01-25T00:54:14 IST" name="testCaseData" data-provider="driverTest" finished-at="2024-01-25T00:54:14 IST" duration-ms="1" status="PASS">
          <params>
            <param index="0">
              <value>
                <![CDATA[solo]]>
              </value>
            </param>
            <param index="1">
              <value>
                <![CDATA[call]]>
              </value>
            </param>
            <param index="2">
              <value>
                <![CDATA[453]]>
              </value>
            </param>
          </params>
          <reporter-output>
          </reporter-output>
        </test-method> <!-- testCaseData -->
      </class> <!-- ExeclDataDriven -->
    </test> <!-- Default test -->
  </suite> <!-- Default suite -->
</testng-results>
