<?xml version="1.0" encoding="UTF-8"?>
<testsuite xmlns:xsi="http://www.w3.org/2001/XMLSchema-instance" xsi:noNamespaceSchemaLocation="https://maven.apache.org/surefire/maven-surefire-plugin/xsd/surefire-test-report-3.0.xsd" version="3.0" name="TestSuite" time="30.74" tests="4" errors="0" skipped="0" failures="0">
  <properties>
[...]
</properties>
  <testcase name="titleCheck" classname="rahulshettyacademyBrowserStack.BrowserStacktestdemo2" time="9.135">
    <system-out><![CDATA[Selenium, API Testing, Software Testing & More QA Tutorials | Rahul Shetty Academy
]]></system-out>
    <system-err><![CDATA[Jan 29, 2024 6:08:32 PM org.openqa.selenium.remote.tracing.opentelemetry.OpenTelemetryTracer createTracer
INFO: Using OpenTelemetry for tracing
]]></system-err>
  </testcase>
  <testcase name="titleCheck" classname="rahulshettyacademyBrowserStack.BrowserStacktestdemo2" time="0.189">
    <system-out><![CDATA[Selenium, API Testing, Software Testing & More QA Tutorials | Rahul Shetty Academy
]]></system-out>
  </testcase>
  <testcase name="titleCheckgoogle" classname="rahulshettyacademyBrowserStack.BrowserStacktestdemo" time="9.762">
    <system-out><![CDATA[Google
]]></system-out>
  </testcase>
  <testcase name="titleCheckgoogle" classname="rahulshettyacademyBrowserStack.BrowserStacktestdemo" time="11.4">
    <system-out><![CDATA[Google
]]></system-out>
  </testcase>
</testsuite>