<?xml version="1.0" encoding="UTF-8"?>
<!-- Generated by org.testng.reporters.JUnitXMLReporter -->
<testsuite ignored="0" hostname="KUBNEEZ" failures="0" tests="3" name="Default test" time="1.015" errors="0" timestamp="2024-01-25T00:54:14 IST">
  <testcase classname="ExeclDataDriven" name="testCaseData" time="0.007"/>
  <testcase classname="ExeclDataDriven" name="testCaseData" time="0.001"/>
  <testcase classname="ExeclDataDriven" name="testCaseData" time="0.001"/>
</testsuite> <!-- Default test -->
